2026-07-20 22:23:10.059 [background-preinit] INFO  o.h.validator.internal.util.Version [] - HV000001: Hibernate Validator 8.0.1.Final
2026-07-20 22:23:10.093 [main] INFO  com.yanque.YqAdminApplication [] - Starting YqAdminApplication using Java 17 with PID 10792 (D:\Eight-project\YanQue\yq-admin\target\classes started by admin in D:\Eight-project\YanQue)
2026-07-20 22:23:10.094 [main] INFO  com.yanque.YqAdminApplication [] - The following 1 profile is active: "dev"
2026-07-20 22:23:11.165 [main] INFO  o.s.b.w.embedded.tomcat.TomcatWebServer [] - Tomcat initialized with port 8080 (http)
2026-07-20 22:23:11.171 [main] INFO  o.apache.coyote.http11.Http11NioProtocol [] - Initializing ProtocolHandler ["http-nio-8080"]
2026-07-20 22:23:11.172 [main] INFO  o.apache.catalina.core.StandardService [] - Starting service [Tomcat]
2026-07-20 22:23:11.172 [main] INFO  org.apache.catalina.core.StandardEngine [] - Starting Servlet engine: [Apache Tomcat/10.1.16]
2026-07-20 22:23:11.225 [main] INFO  o.a.c.c.C.[.[localhost].[/yq-admin] [] - Initializing Spring embedded WebApplicationContext
2026-07-20 22:23:11.226 [main] INFO  o.s.b.w.s.c.ServletWebServerApplicationContext [] - Root WebApplicationContext: initialization completed in 1093 ms
2026-07-20 22:23:11.979 [main] INFO  o.apache.coyote.http11.Http11NioProtocol [] - Starting ProtocolHandler ["http-nio-8080"]
2026-07-20 22:23:11.993 [main] INFO  o.s.b.w.embedded.tomcat.TomcatWebServer [] - Tomcat started on port 8080 (http) with context path '/yq-admin'
2026-07-20 22:23:11.999 [main] INFO  com.yanque.YqAdminApplication [] - Started YqAdminApplication in 2.31 seconds (process running for 2.787)
2026-07-20 22:23:33.135 [http-nio-8080-exec-1] INFO  o.a.c.c.C.[.[localhost].[/yq-admin] [] - Initializing Spring DispatcherServlet 'dispatcherServlet'
2026-07-20 22:23:33.135 [http-nio-8080-exec-1] INFO  o.s.web.servlet.DispatcherServlet [] - Initializing Servlet 'dispatcherServlet'
2026-07-20 22:23:33.136 [http-nio-8080-exec-1] INFO  o.s.web.servlet.DispatcherServlet [] - Completed initialization in 0 ms
2026-07-20 22:23:33.417 [http-nio-8080-exec-3] INFO  c.yanque.common.config.RequestLogAspect [1bf45643fdf9451daaaacf90fb2e7b14] - ===== 请求开始 =====
2026-07-20 22:23:33.417 [http-nio-8080-exec-3] INFO  c.yanque.common.config.RequestLogAspect [1bf45643fdf9451daaaacf90fb2e7b14] - 请求路径: GET /yq-admin/v3/api-docs/swagger-config
2026-07-20 22:23:33.418 [http-nio-8080-exec-3] INFO  c.yanque.common.config.RequestLogAspect [1bf45643fdf9451daaaacf90fb2e7b14] - 请求方法: org.springdoc.webmvc.ui.SwaggerConfigResource.openapiJson
2026-07-20 22:23:33.419 [http-nio-8080-exec-3] INFO  c.yanque.common.config.RequestLogAspect [1bf45643fdf9451daaaacf90fb2e7b14] - 请求参数: [org.apache.catalina.connector.RequestFacade@71704ad8]
2026-07-20 22:23:33.429 [http-nio-8080-exec-3] INFO  c.yanque.common.config.RequestLogAspect [1bf45643fdf9451daaaacf90fb2e7b14] - 响应结果: {configUrl=/yq-admin/v3/api-docs/swagger-config, oauth2RedirectUrl=http://localhost:8080/yq-admin/swagger-ui/oauth2-redirect.html, operationsSorter=alpha, tagsSorter=alpha, urls=[SwaggerUrl{url='/yq-admin/v3/api-docs/default', name='default'}], validatorUrl=}
2026-07-20 22:23:33.430 [http-nio-8080-exec-3] INFO  c.yanque.common.config.RequestLogAspect [1bf45643fdf9451daaaacf90fb2e7b14] - ===== 请求结束 =====
2026-07-20 22:23:33.476 [http-nio-8080-exec-4] INFO  c.yanque.common.config.RequestLogAspect [8876059e16b3444ea692274832358b1a] - ===== 请求开始 =====
2026-07-20 22:23:33.476 [http-nio-8080-exec-4] INFO  c.yanque.common.config.RequestLogAspect [8876059e16b3444ea692274832358b1a] - 请求路径: GET /yq-admin/v3/api-docs/default
2026-07-20 22:23:33.476 [http-nio-8080-exec-4] INFO  c.yanque.common.config.RequestLogAspect [8876059e16b3444ea692274832358b1a] - 请求方法: org.springdoc.webmvc.api.MultipleOpenApiWebMvcResource.openapiJson
2026-07-20 22:23:33.477 [http-nio-8080-exec-4] INFO  c.yanque.common.config.RequestLogAspect [8876059e16b3444ea692274832358b1a] - 请求参数: [org.apache.catalina.connector.RequestFacade@7e62db0a, /v3/api-docs, default, zh_CN]
2026-07-20 22:23:33.649 [http-nio-8080-exec-4] INFO  o.springdoc.api.AbstractOpenApiResource [8876059e16b3444ea692274832358b1a] - Init duration for springdoc-openapi is: 171 ms
2026-07-20 22:23:33.663 [http-nio-8080-exec-4] INFO  c.yanque.common.config.RequestLogAspect [8876059e16b3444ea692274832358b1a] - 响应结果: [123, 34, 111, 112, 101, 110, 97, 112, 105, 34, 58, 34, 51, 46, 48, 46, 49, 34, 44, 34, 105, 110, 102, 111, 34, 58, 123, 34, 116, 105, 116, 108, 101, 34, 58, 34, 89, 97, 110, 81, 117, 101, 32, 65, 100, 109, 105, 110, 32, 65, 80, 73, 34, 44, 34, 100, 101, 115, 99, 114, 105, 112, 116, 105, 111, 110, 34, 58, 34, 89, 97, 110, 81, 117, 101, 32, -27, -112, -114, -27, -113, -80, -25, -82, -95, -25, -112, -122, -25, -77, -69, -25, -69, -97, -26, -114, -91, -27, -113, -93, -26, -106, -121, -26, -95, -93, 34, 44, 34, 99, 111, 110, 116, 97, 99, 116, 34, 58, 123, 34, 110, 97, 109, 101, 34, 58, 34, 89, 97, 110, 81, 117, 101, 34, 44, 34, 101, 109, 97, 105, 108, 34, 58, 34, 97, 100, 109, 105, 110, 64, 121, 97, 110, 113, 117, 101, 46, 99, 111, 109, 34, 125, 44, 34, 118, 101, 114, 115, 105, 111, 110, 34, 58, 34, 49, 46, 48, 34, 125, 44, 34, 115, 101, 114, 118, 101, 114, 115, 34, 58, 91, 123, 34, 117, 114, 108, 34, 58, 34, 104, 116, 116, 112, 58, 47, 47, 108, 111, 99, 97, 108, 104, 111, 115, 116, 58, 56, 48, 56, 48, 47, 121, 113, 45, 97, 100, 109, 105, 110, 34, 44, 34, 100, 101, 115, 99, 114, 105, 112, 116, 105, 111, 110, 34, 58, 34, 71, 101, 110, 101, 114, 97, 116, 101, 100, 32, 115, 101, 114, 118, 101, 114, 32, 117, 114, 108, 34, 125, 93, 44, 34, 112, 97, 116, 104, 115, 34, 58, 123, 34, 47, 117, 115, 101, 114, 115, 34, 58, 123, 34, 112, 111, 115, 116, 34, 58, 123, 34, 116, 97, 103, 115, 34, 58, 91, 34, -25, -108, -88, -26, -120, -73, -25, -82, -95, -25, -112, -122, 34, 93, 44, 34, 115, 117, 109, 109, 97, 114, 121, 34, 58, 34, -26, -73, -69, -27, -118, -96, -25, -108, -88, -26, -120, -73, 34, 44, 34, 111, 112, 101, 114, 97, 116, 105, 111, 110, 73, 100, 34, 58, 34, 99, 114, 101, 97, 116, 101, 34, 44, 34, 114, 101, 113, 117, 101, 115, 116, 66, 111, 100, 121, 34, 58, 123, 34, 99, 111, 110, 116, 101, 110, 116, 34, 58, 123, 34, 97, 112, 112, 108, 105, 99, 97, 116, 105, 111, 110, 47, 106, 115, 111, 110, 34, 58, 123, 34, 115, 99, 104, 101, 109, 97, 34, 58, 123, 34, 36, 114, 101, 102, 34, 58, 34, 35, 47, 99, 111, 109, 112, 111, 110, 101, 110, 116, 115, 47, 115, 99, 104, 101, 109, 97, 115, 47, 85, 115, 101, 114, 65, 100, 100, 82, 101, 113, 34, 125, 125, 125, 44, 34, 114, 101, 113, 117, 105, 114, 101, 100, 34, 58, 116, 114, 117, 101, 125, 44, 34, 114, 101, 115, 112, 111, 110, 115, 101, 115, 34, 58, 123, 34, 50, 48, 48, 34, 58, 123, 34, 100, 101, 115, 99, 114, 105, 112, 116, 105, 111, 110, 34, 58, 34, 79, 75, 34, 44, 34, 99, 111, 110, 116, 101, 110, 116, 34, 58, 123, 34, 42, 47, 42, 34, 58, 123, 34, 115, 99, 104, 101, 109, 97, 34, 58, 123, 34, 36, 114, 101, 102, 34, 58, 34, 35, 47, 99, 111, 109, 112, 111, 110, 101, 110, 116, 115, 47, 115, 99, 104, 101, 109, 97, 115, 47, 65, 112, 105, 82, 101, 115, 112, 111, 110, 115, 101, 76, 111, 110, 103, 34, 125, 125, 125, 125, 125, 125, 125, 125, 44, 34, 99, 111, 109, 112, 111, 110, 101, 110, 116, 115, 34, 58, 123, 34, 115, 99, 104, 101, 109, 97, 115, 34, 58, 123, 34, 85, 115, 101, 114, 65, 100, 100, 82, 101, 113, 34, 58, 123, 34, 114, 101, 113, 117, 105, 114, 101, 100, 34, 58, 91, 34, 112, 97, 115, 115, 119, 111, 114, 100, 34, 44, 34, 117, 115, 101, 114, 110, 97, 109, 101, 34, 93, 44, 34, 116, 121, 112, 101, 34, 58, 34, 111, 98, 106, 101, 99, 116, 34, 44, 34, 112, 114, 111, 112, 101, 114, 116, 105, 101, 115, 34, 58, 123, 34, 117, 115, 101, 114, 110, 97, 109, 101, 34, 58, 123, 34, 109, 97, 120, 76, 101, 110, 103, 116, 104, 34, 58, 54, 52, 44, 34, 109, 105, 110, 76, 101, 110, 103, 116, 104, 34, 58, 48, 44, 34, 116, 121, 112, 101, 34, 58, 34, 115, 116, 114, 105, 110, 103, 34, 125, 44, 34, 112, 97, 115, 115, 119, 111, 114, 100, 34, 58, 123, 34, 109, 97, 120, 76, 101, 110, 103, 116, 104, 34, 58, 54, 52, 44, 34, 109, 105, 110, 76, 101, 110, 103, 116, 104, 34, 58, 54, 44, 34, 116, 121, 112, 101, 34, 58, 34, 115, 116, 114, 105, 110, 103, 34, 125, 44, 34, 110, 105, 99, 107, 110, 97, 109, 101, 34, 58, 123, 34, 109, 97, 120, 76, 101, 110, 103, 116, 104, 34, 58, 54, 52, 44, 34, 109, 105, 110, 76, 101, 110, 103, 116, 104, 34, 58, 48, 44, 34, 116, 121, 112, 101, 34, 58, 34, 115, 116, 114, 105, 110, 103, 34, 125, 44, 34, 114, 101, 97, 108, 78, 97, 109, 101, 34, 58, 123, 34, 109, 97, 120, 76, 101, 110, 103, 116, 104, 34, 58, 54, 52, 44, 34, 109, 105, 110, 76, 101, 110, 103, 116, 104, 34, 58, 48, 44, 34, 116, 121, 112, 101, 34, 58, 34, 115, 116, 114, 105, 110, 103, 34, 125, 44, 34, 112, 104, 111, 110, 101, 34, 58, 123, 34, 109, 97, 120, 76, 101, 110, 103, 116, 104, 34, 58, 51, 50, 44, 34, 109, 105, 110, 76, 101, 110, 103, 116, 104, 34, 58, 48, 44, 34, 116, 121, 112, 101, 34, 58, 34, 115, 116, 114, 105, 110, 103, 34, 125, 44, 34, 101, 109, 97, 105, 108, 34, 58, 123, 34, 109, 97, 120, 76, 101, 110, 103, 116, 104, 34, 58, 49, 50, 56, 44, 34, 109, 105, 110, 76, 101, 110, 103, 116, 104, 34, 58, 48, 44, 34, 116, 121, 112, 101, 34, 58, 34, 115, 116, 114, 105, 110, 103, 34, 125, 44, 34, 117, 110, 105, 111, 110, 73, 100, 34, 58, 123, 34, 109, 97, 120, 76, 101, 110, 103, 116, 104, 34, 58, 49, 50, 56, 44, 34, 109, 105, 110, 76, 101, 110, 103, 116, 104, 34, 58, 48, 44, 34, 116, 121, 112, 101, 34, 58, 34, 115, 116, 114, 105, 110, 103, 34, 125, 44, 34, 115, 116, 97, 116, 117, 115, 34, 58, 123, 34, 116, 121, 112, 101, 34, 58, 34, 115, 116, 114, 105, 110, 103, 34, 125, 125, 125, 44, 34, 65, 112, 105, 82, 101, 115, 112, 111, 110, 115, 101, 76, 111, 110, 103, 34, 58, 123, 34, 116, 121, 112, 101, 34, 58, 34, 111, 98, 106, 101, 99, 116, 34, 44, 34, 112, 114, 111, 112, 101, 114, 116, 105, 101, 115, 34, 58, 123, 34, 99, 111, 100, 101, 34, 58, 123, 34, 116, 121, 112, 101, 34, 58, 34, 105, 110, 116, 101, 103, 101, 114, 34, 44, 34, 102, 111, 114, 109, 97, 116, 34, 58, 34, 105, 110, 116, 51, 50, 34, 125, 44, 34, 109, 101, 115, 115, 97, 103, 101, 34, 58, 123, 34, 116, 121, 112, 101, 34, 58, 34, 115, 116, 114, 105, 110, 103, 34, 125, 44, 34, 100, 97, 116, 97, 34, 58, 123, 34, 116, 121, 112, 101, 34, 58, 34, 105, 110, 116, 101, 103, 101, 114, 34, 44, 34, 102, 111, 114, 109, 97, 116, 34, 58, 34, 105, 110, 116, 54, 52, 34, 125, 125, 125, 125, 125, 44, 34, 120, 45, 111, 112, 101, 110, 97, 112, 105, 34, 58, 123, 34, 120, 45, 115, 101, 116, 116, 105, 110, 103, 34, 58, 123, 34, 99, 117, 115, 116, 111, 109, 67, 111, 100, 101, 34, 58, 50, 48, 48, 44, 34, 108, 97, 110, 103, 117, 97, 103, 101, 34, 58, 34, 122, 104, 45, 67, 78, 34, 44, 34, 101, 110, 97, 98, 108, 101, 83, 119, 97, 103, 103, 101, 114, 77, 111, 100, 101, 108, 115, 34, 58, 116, 114, 117, 101, 44, 34, 115, 119, 97, 103, 103, 101, 114, 77, 111, 100, 101, 108, 78, 97, 109, 101, 34, 58, 34, 83, 119, 97, 103, 103, 101, 114, 32, 77, 111, 100, 101, 108, 115, 34, 44, 34, 101, 110, 97, 98, 108, 101, 82, 101, 108, 111, 97, 100, 67, 97, 99, 104, 101, 80, 97, 114, 97, 109, 101, 116, 101, 114, 34, 58, 102, 97, 108, 115, 101, 44, 34, 101, 110, 97, 98, 108, 101, 65, 102, 116, 101, 114, 83, 99, 114, 105, 112, 116, 34, 58, 116, 114, 117, 101, 44, 34, 101, 110, 97, 98, 108, 101, 68, 111, 99, 117, 109, 101, 110, 116, 77, 97, 110, 97, 103, 101, 34, 58, 116, 114, 117, 101, 44, 34, 101, 110, 97, 98, 108, 101, 86, 101, 114, 115, 105, 111, 110, 34, 58, 102, 97, 108, 115, 101, 44, 34, 101, 110, 97, 98, 108, 101, 82, 101, 113, 117, 101, 115, 116, 67, 97, 99, 104, 101, 34, 58, 116, 114, 117, 101, 44, 34, 101, 110, 97, 98, 108, 101, 70, 105, 108, 116, 101, 114, 77, 117, 108, 116, 105, 112, 97, 114, 116, 65, 112, 105, 115, 34, 58, 102, 97, 108, 115, 101, 44, 34, 101, 110, 97, 98, 108, 101, 70, 105, 108, 116, 101, 114, 77, 117, 108, 116, 105, 112, 97, 114, 116, 65, 112, 105, 77, 101, 116, 104, 111, 100, 84, 121, 112, 101, 34, 58, 34, 80, 79, 83, 84, 34, 44, 34, 101, 110, 97, 98, 108, 101, 72, 111, 115, 116, 34, 58, 102, 97, 108, 115, 101, 44, 34, 101, 110, 97, 98, 108, 101, 72, 111, 115, 116, 84, 101, 120, 116, 34, 58, 34, 34, 44, 34, 101, 110, 97, 98, 108, 101, 68, 121, 110, 97, 109, 105, 99, 80, 97, 114, 97, 109, 101, 116, 101, 114, 34, 58, 102, 97, 108, 115, 101, 44, 34, 101, 110, 97, 98, 108, 101, 68, 101, 98, 117, 103, 34, 58, 116, 114, 117, 101, 44, 34, 101, 110, 97, 98, 108, 101, 70, 111, 111, 116, 101, 114, 34, 58, 116, 114, 117, 101, 44, 34, 101, 110, 97, 98, 108, 101, 70, 111, 111, 116, 101, 114, 67, 117, 115, 116, 111, 109, 34, 58, 102, 97, 108, 115, 101, 44, 34, 101, 110, 97, 98, 108, 101, 83, 101, 97, 114, 99, 104, 34, 58, 116, 114, 117, 101, 44, 34, 101, 110, 97, 98, 108, 101, 79, 112, 101, 110, 65, 112, 105, 34, 58, 116, 114, 117, 101, 44, 34, 101, 110, 97, 98, 108, 101, 72, 111, 109, 101, 67, 117, 115, 116, 111, 109, 34, 58, 102, 97, 108, 115, 101, 44, 34, 101, 110, 97, 98, 108, 101, 71, 114, 111, 117, 112, 34, 58, 116, 114, 117, 101, 44, 34, 101, 110, 97, 98, 108, 101, 82, 101, 115, 112, 111, 110, 115, 101, 67, 111, 100, 101, 34, 58, 116, 114, 117, 101, 125, 44, 34, 120, 45, 109, 97, 114, 107, 100, 111, 119, 110, 70, 105, 108, 101, 115, 34, 58, 91, 93, 125, 125]
2026-07-20 22:23:33.665 [http-nio-8080-exec-4] INFO  c.yanque.common.config.RequestLogAspect [8876059e16b3444ea692274832358b1a] - ===== 请求结束 =====
2026-07-20 22:26:33.758 [http-nio-8080-exec-2] ERROR c.y.c.exception.GlobalExceptionHandler [] - 请求参数校验异常: 状态只能是ACTIVE或INACTIVE
org.springframework.web.bind.MethodArgumentNotValidException: Validation failed for argument [0] in public com.yanque.commons.apires.ApiResponse<java.lang.Long> com.yanque.modules.users.controller.SysUserController.create(com.yanque.modules.users.pojo.req.UserAddReq): [Field error in object 'userAddReq' on field 'status': rejected value [1]; codes [EnumValue.userAddReq.status,EnumValue.status,EnumValue.java.lang.String,EnumValue]; arguments [org.springframework.context.support.DefaultMessageSourceResolvable: codes [userAddReq.status,status]; arguments []; default message [status],class com.yanque.commons.enums.CommonStatusEnum,false]; default message [状态只能是ACTIVE或INACTIVE]]
	at org.springframework.web.servlet.mvc.method.annotation.RequestResponseBodyMethodProcessor.resolveArgument(RequestResponseBodyMethodProcessor.java:143)
	at org.springframework.web.method.support.HandlerMethodArgumentResolverComposite.resolveArgument(HandlerMethodArgumentResolverComposite.java:122)
	at org.springframework.web.method.support.InvocableHandlerMethod.getMethodArgumentValues(InvocableHandlerMethod.java:218)
	at org.springframework.web.method.support.InvocableHandlerMethod.invokeForRequest(InvocableHandlerMethod.java:171)
	at org.springframework.web.servlet.mvc.method.annotation.ServletInvocableHandlerMethod.invokeAndHandle(ServletInvocableHandlerMethod.java:118)
	at org.springframework.web.servlet.mvc.method.annotation.RequestMappingHandlerAdapter.invokeHandlerMethod(RequestMappingHandlerAdapter.java:917)
	at org.springframework.web.servlet.mvc.method.annotation.RequestMappingHandlerAdapter.handleInternal(RequestMappingHandlerAdapter.java:829)
	at org.springframework.web.servlet.mvc.method.AbstractHandlerMethodAdapter.handle(AbstractHandlerMethodAdapter.java:87)
	at org.springframework.web.servlet.DispatcherServlet.doDispatch(DispatcherServlet.java:1089)
	at org.springframework.web.servlet.DispatcherServlet.doService(DispatcherServlet.java:979)
	at org.springframework.web.servlet.FrameworkServlet.processRequest(FrameworkServlet.java:1014)
	at org.springframework.web.servlet.FrameworkServlet.doPost(FrameworkServlet.java:914)
	at jakarta.servlet.http.HttpServlet.service(HttpServlet.java:590)
	at org.springframework.web.servlet.FrameworkServlet.service(FrameworkServlet.java:885)
	at jakarta.servlet.http.HttpServlet.service(HttpServlet.java:658)
	at org.apache.catalina.core.ApplicationFilterChain.internalDoFilter(ApplicationFilterChain.java:205)
	at org.apache.catalina.core.ApplicationFilterChain.doFilter(ApplicationFilterChain.java:149)
	at org.apache.tomcat.websocket.server.WsFilter.doFilter(WsFilter.java:51)
	at org.apache.catalina.core.ApplicationFilterChain.internalDoFilter(ApplicationFilterChain.java:174)
	at org.apache.catalina.core.ApplicationFilterChain.doFilter(ApplicationFilterChain.java:149)
	at org.springframework.web.filter.RequestContextFilter.doFilterInternal(RequestContextFilter.java:100)
	at org.springframework.web.filter.OncePerRequestFilter.doFilter(OncePerRequestFilter.java:116)
	at org.apache.catalina.core.ApplicationFilterChain.internalDoFilter(ApplicationFilterChain.java:174)
	at org.apache.catalina.core.ApplicationFilterChain.doFilter(ApplicationFilterChain.java:149)
	at org.springframework.web.filter.FormContentFilter.doFilterInternal(FormContentFilter.java:93)
	at org.springframework.web.filter.OncePerRequestFilter.doFilter(OncePerRequestFilter.java:116)
	at org.apache.catalina.core.ApplicationFilterChain.internalDoFilter(ApplicationFilterChain.java:174)
	at org.apache.catalina.core.ApplicationFilterChain.doFilter(ApplicationFilterChain.java:149)
	at org.springframework.web.filter.CharacterEncodingFilter.doFilterInternal(CharacterEncodingFilter.java:201)
	at org.springframework.web.filter.OncePerRequestFilter.doFilter(OncePerRequestFilter.java:116)
	at org.apache.catalina.core.ApplicationFilterChain.internalDoFilter(ApplicationFilterChain.java:174)
	at org.apache.catalina.core.ApplicationFilterChain.doFilter(ApplicationFilterChain.java:149)
	at org.apache.catalina.core.StandardWrapperValve.invoke(StandardWrapperValve.java:167)
	at org.apache.catalina.core.StandardContextValve.invoke(StandardContextValve.java:90)
	at org.apache.catalina.authenticator.AuthenticatorBase.invoke(AuthenticatorBase.java:482)
	at org.apache.catalina.core.StandardHostValve.invoke(StandardHostValve.java:115)
	at org.apache.catalina.valves.ErrorReportValve.invoke(ErrorReportValve.java:93)
	at org.apache.catalina.core.StandardEngineValve.invoke(StandardEngineValve.java:74)
	at org.apache.catalina.connector.CoyoteAdapter.service(CoyoteAdapter.java:340)
	at org.apache.coyote.http11.Http11Processor.service(Http11Processor.java:391)
	at org.apache.coyote.AbstractProcessorLight.process(AbstractProcessorLight.java:63)
	at org.apache.coyote.AbstractProtocol$ConnectionHandler.process(AbstractProtocol.java:896)
	at org.apache.tomcat.util.net.NioEndpoint$SocketProcessor.doRun(NioEndpoint.java:1744)
	at org.apache.tomcat.util.net.SocketProcessorBase.run(SocketProcessorBase.java:52)
	at org.apache.tomcat.util.threads.ThreadPoolExecutor.runWorker(ThreadPoolExecutor.java:1191)
	at org.apache.tomcat.util.threads.ThreadPoolExecutor$Worker.run(ThreadPoolExecutor.java:659)
	at org.apache.tomcat.util.threads.TaskThread$WrappingRunnable.run(TaskThread.java:61)
	at java.base/java.lang.Thread.run(Thread.java:833)
2026-07-20 22:26:57.738 [http-nio-8080-exec-7] INFO  c.yanque.common.config.RequestLogAspect [5554498141854a33813302e72f1b420d] - ===== 请求开始 =====
2026-07-20 22:26:57.739 [http-nio-8080-exec-7] INFO  c.yanque.common.config.RequestLogAspect [5554498141854a33813302e72f1b420d] - 请求路径: POST /yq-admin/users
2026-07-20 22:26:57.739 [http-nio-8080-exec-7] INFO  c.yanque.common.config.RequestLogAspect [5554498141854a33813302e72f1b420d] - 请求方法: com.yanque.modules.users.controller.SysUserController.create
2026-07-20 22:26:57.741 [http-nio-8080-exec-7] INFO  c.yanque.common.config.RequestLogAspect [5554498141854a33813302e72f1b420d] - 请求参数: [UserAddReq(username=admin, password=123456, nickname=管理员, realName=张三, phone=13800138000, email=admin@example.com, unionId=oUpF8uMuAJO_M2pxb1Q9zNjWeS6o, status=ACTIVE)]
2026-07-20 22:26:57.802 [http-nio-8080-exec-7] INFO  com.zaxxer.hikari.HikariDataSource [5554498141854a33813302e72f1b420d] - HikariPool-1 - Starting...
2026-07-20 22:26:58.934 [http-nio-8080-exec-7] ERROR com.zaxxer.hikari.pool.HikariPool [5554498141854a33813302e72f1b420d] - HikariPool-1 - Exception during pool initialization.
java.sql.SQLSyntaxErrorException: Unknown database 'yanque-project'
	at com.mysql.cj.jdbc.exceptions.SQLError.createSQLException(SQLError.java:121)
	at com.mysql.cj.jdbc.exceptions.SQLExceptionsMapping.translateException(SQLExceptionsMapping.java:122)
	at com.mysql.cj.jdbc.ConnectionImpl.createNewIO(ConnectionImpl.java:819)
	at com.mysql.cj.jdbc.ConnectionImpl.<init>(ConnectionImpl.java:440)
	at com.mysql.cj.jdbc.ConnectionImpl.getInstance(ConnectionImpl.java:239)
	at com.mysql.cj.jdbc.NonRegisteringDriver.connect(NonRegisteringDriver.java:188)
	at com.zaxxer.hikari.util.DriverDataSource.getConnection(DriverDataSource.java:138)
	at com.zaxxer.hikari.pool.PoolBase.newConnection(PoolBase.java:359)
	at com.zaxxer.hikari.pool.PoolBase.newPoolEntry(PoolBase.java:201)
	at com.zaxxer.hikari.pool.HikariPool.createPoolEntry(HikariPool.java:470)
	at com.zaxxer.hikari.pool.HikariPool.checkFailFast(HikariPool.java:561)
	at com.zaxxer.hikari.pool.HikariPool.<init>(HikariPool.java:100)
	at com.zaxxer.hikari.HikariDataSource.getConnection(HikariDataSource.java:112)
	at org.springframework.jdbc.datasource.DataSourceUtils.fetchConnection(DataSourceUtils.java:160)
	at org.springframework.jdbc.datasource.DataSourceUtils.doGetConnection(DataSourceUtils.java:118)
	at org.springframework.jdbc.datasource.DataSourceUtils.getConnection(DataSourceUtils.java:81)
	at org.mybatis.spring.transaction.SpringManagedTransaction.openConnection(SpringManagedTransaction.java:80)
	at org.mybatis.spring.transaction.SpringManagedTransaction.getConnection(SpringManagedTransaction.java:67)
	at org.apache.ibatis.executor.BaseExecutor.getConnection(BaseExecutor.java:348)
	at org.apache.ibatis.executor.SimpleExecutor.prepareStatement(SimpleExecutor.java:89)
	at org.apache.ibatis.executor.SimpleExecutor.doQuery(SimpleExecutor.java:64)
	at org.apache.ibatis.executor.BaseExecutor.queryFromDatabase(BaseExecutor.java:336)
	at org.apache.ibatis.executor.BaseExecutor.query(BaseExecutor.java:158)
	at org.apache.ibatis.executor.CachingExecutor.query(CachingExecutor.java:110)
	at com.github.pagehelper.PageInterceptor.intercept(PageInterceptor.java:169)
	at org.apache.ibatis.plugin.Plugin.invoke(Plugin.java:59)
	at jdk.proxy2/jdk.proxy2.$Proxy110.query(Unknown Source)
	at org.apache.ibatis.session.defaults.DefaultSqlSession.selectList(DefaultSqlSession.java:154)
	at org.apache.ibatis.session.defaults.DefaultSqlSession.selectList(DefaultSqlSession.java:147)
	at org.apache.ibatis.session.defaults.DefaultSqlSession.selectList(DefaultSqlSession.java:142)
	at org.apache.ibatis.session.defaults.DefaultSqlSession.selectOne(DefaultSqlSession.java:75)
	at java.base/jdk.internal.reflect.NativeMethodAccessorImpl.invoke0(Native Method)
	at java.base/jdk.internal.reflect.NativeMethodAccessorImpl.invoke(NativeMethodAccessorImpl.java:77)
	at java.base/jdk.internal.reflect.DelegatingMethodAccessorImpl.invoke(DelegatingMethodAccessorImpl.java:43)
	at java.base/java.lang.reflect.Method.invoke(Method.java:568)
	at org.mybatis.spring.SqlSessionTemplate$SqlSessionInterceptor.invoke(SqlSessionTemplate.java:425)
	at jdk.proxy2/jdk.proxy2.$Proxy81.selectOne(Unknown Source)
	at org.mybatis.spring.SqlSessionTemplate.selectOne(SqlSessionTemplate.java:160)
	at org.apache.ibatis.binding.MapperMethod.execute(MapperMethod.java:87)
	at org.apache.ibatis.binding.MapperProxy$PlainMethodInvoker.invoke(MapperProxy.java:141)
	at org.apache.ibatis.binding.MapperProxy.invoke(MapperProxy.java:86)
	at jdk.proxy2/jdk.proxy2.$Proxy82.selectByUsername(Unknown Source)
	at com.yanque.modules.users.service.impl.SysUserServiceImpl.create(SysUserServiceImpl.java:24)
	at com.yanque.modules.users.controller.SysUserController.create(SysUserController.java:27)
	at java.base/jdk.internal.reflect.NativeMethodAccessorImpl.invoke0(Native Method)
	at java.base/jdk.internal.reflect.NativeMethodAccessorImpl.invoke(NativeMethodAccessorImpl.java:77)
	at java.base/jdk.internal.reflect.DelegatingMethodAccessorImpl.invoke(DelegatingMethodAccessorImpl.java:43)
	at java.base/java.lang.reflect.Method.invoke(Method.java:568)
	at org.springframework.aop.support.AopUtils.invokeJoinpointUsingReflection(AopUtils.java:352)
	at org.springframework.aop.framework.ReflectiveMethodInvocation.invokeJoinpoint(ReflectiveMethodInvocation.java:196)
	at org.springframework.aop.framework.ReflectiveMethodInvocation.proceed(ReflectiveMethodInvocation.java:163)
	at org.springframework.aop.framework.CglibAopProxy$CglibMethodInvocation.proceed(CglibAopProxy.java:765)
	at org.springframework.aop.framework.adapter.AfterReturningAdviceInterceptor.invoke(AfterReturningAdviceInterceptor.java:57)
	at org.springframework.aop.framework.ReflectiveMethodInvocation.proceed(ReflectiveMethodInvocation.java:184)
	at org.springframework.aop.framework.CglibAopProxy$CglibMethodInvocation.proceed(CglibAopProxy.java:765)
	at org.springframework.aop.framework.adapter.MethodBeforeAdviceInterceptor.invoke(MethodBeforeAdviceInterceptor.java:58)
	at org.springframework.aop.framework.ReflectiveMethodInvocation.proceed(ReflectiveMethodInvocation.java:184)
	at org.springframework.aop.framework.CglibAopProxy$CglibMethodInvocation.proceed(CglibAopProxy.java:765)
	at org.springframework.aop.interceptor.ExposeInvocationInterceptor.invoke(ExposeInvocationInterceptor.java:97)
	at org.springframework.aop.framework.ReflectiveMethodInvocation.proceed(ReflectiveMethodInvocation.java:184)
	at org.springframework.aop.framework.CglibAopProxy$CglibMethodInvocation.proceed(CglibAopProxy.java:765)
	at org.springframework.aop.framework.CglibAopProxy$DynamicAdvisedInterceptor.intercept(CglibAopProxy.java:717)
	at com.yanque.modules.users.controller.SysUserController$$SpringCGLIB$$0.create(<generated>)
	at java.base/jdk.internal.reflect.NativeMethodAccessorImpl.invoke0(Native Method)
	at java.base/jdk.internal.reflect.NativeMethodAccessorImpl.invoke(NativeMethodAccessorImpl.java:77)
	at java.base/jdk.internal.reflect.DelegatingMethodAccessorImpl.invoke(DelegatingMethodAccessorImpl.java:43)
	at java.base/java.lang.reflect.Method.invoke(Method.java:568)
	at org.springframework.web.method.support.InvocableHandlerMethod.doInvoke(InvocableHandlerMethod.java:254)
	at org.springframework.web.method.support.InvocableHandlerMethod.invokeForRequest(InvocableHandlerMethod.java:182)
	at org.springframework.web.servlet.mvc.method.annotation.ServletInvocableHandlerMethod.invokeAndHandle(ServletInvocableHandlerMethod.java:118)
	at org.springframework.web.servlet.mvc.method.annotation.RequestMappingHandlerAdapter.invokeHandlerMethod(RequestMappingHandlerAdapter.java:917)
	at org.springframework.web.servlet.mvc.method.annotation.RequestMappingHandlerAdapter.handleInternal(RequestMappingHandlerAdapter.java:829)
	at org.springframework.web.servlet.mvc.method.AbstractHandlerMethodAdapter.handle(AbstractHandlerMethodAdapter.java:87)
	at org.springframework.web.servlet.DispatcherServlet.doDispatch(DispatcherServlet.java:1089)
	at org.springframework.web.servlet.DispatcherServlet.doService(DispatcherServlet.java:979)
	at org.springframework.web.servlet.FrameworkServlet.processRequest(FrameworkServlet.java:1014)
	at org.springframework.web.servlet.FrameworkServlet.doPost(FrameworkServlet.java:914)
	at jakarta.servlet.http.HttpServlet.service(HttpServlet.java:590)
	at org.springframework.web.servlet.FrameworkServlet.service(FrameworkServlet.java:885)
	at jakarta.servlet.http.HttpServlet.service(HttpServlet.java:658)
	at org.apache.catalina.core.ApplicationFilterChain.internalDoFilter(ApplicationFilterChain.java:205)
	at org.apache.catalina.core.ApplicationFilterChain.doFilter(ApplicationFilterChain.java:149)
	at org.apache.tomcat.websocket.server.WsFilter.doFilter(WsFilter.java:51)
	at org.apache.catalina.core.ApplicationFilterChain.internalDoFilter(ApplicationFilterChain.java:174)
	at org.apache.catalina.core.ApplicationFilterChain.doFilter(ApplicationFilterChain.java:149)
	at org.springframework.web.filter.RequestContextFilter.doFilterInternal(RequestContextFilter.java:100)
	at org.springframework.web.filter.OncePerRequestFilter.doFilter(OncePerRequestFilter.java:116)
	at org.apache.catalina.core.ApplicationFilterChain.internalDoFilter(ApplicationFilterChain.java:174)
	at org.apache.catalina.core.ApplicationFilterChain.doFilter(ApplicationFilterChain.java:149)
	at org.springframework.web.filter.FormContentFilter.doFilterInternal(FormContentFilter.java:93)
	at org.springframework.web.filter.OncePerRequestFilter.doFilter(OncePerRequestFilter.java:116)
	at org.apache.catalina.core.ApplicationFilterChain.internalDoFilter(ApplicationFilterChain.java:174)
	at org.apache.catalina.core.ApplicationFilterChain.doFilter(ApplicationFilterChain.java:149)
	at org.springframework.web.filter.CharacterEncodingFilter.doFilterInternal(CharacterEncodingFilter.java:201)
	at org.springframework.web.filter.OncePerRequestFilter.doFilter(OncePerRequestFilter.java:116)
	at org.apache.catalina.core.ApplicationFilterChain.internalDoFilter(ApplicationFilterChain.java:174)
	at org.apache.catalina.core.ApplicationFilterChain.doFilter(ApplicationFilterChain.java:149)
	at org.apache.catalina.core.StandardWrapperValve.invoke(StandardWrapperValve.java:167)
	at org.apache.catalina.core.StandardContextValve.invoke(StandardContextValve.java:90)
	at org.apache.catalina.authenticator.AuthenticatorBase.invoke(AuthenticatorBase.java:482)
	at org.apache.catalina.core.StandardHostValve.invoke(StandardHostValve.java:115)
	at org.apache.catalina.valves.ErrorReportValve.invoke(ErrorReportValve.java:93)
	at org.apache.catalina.core.StandardEngineValve.invoke(StandardEngineValve.java:74)
	at org.apache.catalina.connector.CoyoteAdapter.service(CoyoteAdapter.java:340)
	at org.apache.coyote.http11.Http11Processor.service(Http11Processor.java:391)
	at org.apache.coyote.AbstractProcessorLight.process(AbstractProcessorLight.java:63)
	at org.apache.coyote.AbstractProtocol$ConnectionHandler.process(AbstractProtocol.java:896)
	at org.apache.tomcat.util.net.NioEndpoint$SocketProcessor.doRun(NioEndpoint.java:1744)
	at org.apache.tomcat.util.net.SocketProcessorBase.run(SocketProcessorBase.java:52)
	at org.apache.tomcat.util.threads.ThreadPoolExecutor.runWorker(ThreadPoolExecutor.java:1191)
	at org.apache.tomcat.util.threads.ThreadPoolExecutor$Worker.run(ThreadPoolExecutor.java:659)
	at org.apache.tomcat.util.threads.TaskThread$WrappingRunnable.run(TaskThread.java:61)
	at java.base/java.lang.Thread.run(Thread.java:833)
2026-07-20 22:26:58.936 [http-nio-8080-exec-7] ERROR c.y.c.exception.GlobalExceptionHandler [5554498141854a33813302e72f1b420d] - 系统异常
org.mybatis.spring.MyBatisSystemException: null
	at org.mybatis.spring.MyBatisExceptionTranslator.translateExceptionIfPossible(MyBatisExceptionTranslator.java:97)
	at org.mybatis.spring.SqlSessionTemplate$SqlSessionInterceptor.invoke(SqlSessionTemplate.java:439)
	at jdk.proxy2/jdk.proxy2.$Proxy81.selectOne(Unknown Source)
	at org.mybatis.spring.SqlSessionTemplate.selectOne(SqlSessionTemplate.java:160)
	at org.apache.ibatis.binding.MapperMethod.execute(MapperMethod.java:87)
	at org.apache.ibatis.binding.MapperProxy$PlainMethodInvoker.invoke(MapperProxy.java:141)
	at org.apache.ibatis.binding.MapperProxy.invoke(MapperProxy.java:86)
	at jdk.proxy2/jdk.proxy2.$Proxy82.selectByUsername(Unknown Source)
	at com.yanque.modules.users.service.impl.SysUserServiceImpl.create(SysUserServiceImpl.java:24)
	at com.yanque.modules.users.controller.SysUserController.create(SysUserController.java:27)
	at java.base/jdk.internal.reflect.NativeMethodAccessorImpl.invoke0(Native Method)
	at java.base/jdk.internal.reflect.NativeMethodAccessorImpl.invoke(NativeMethodAccessorImpl.java:77)
	at java.base/jdk.internal.reflect.DelegatingMethodAccessorImpl.invoke(DelegatingMethodAccessorImpl.java:43)
	at java.base/java.lang.reflect.Method.invoke(Method.java:568)
	at org.springframework.aop.support.AopUtils.invokeJoinpointUsingReflection(AopUtils.java:352)
	at org.springframework.aop.framework.ReflectiveMethodInvocation.invokeJoinpoint(ReflectiveMethodInvocation.java:196)
	at org.springframework.aop.framework.ReflectiveMethodInvocation.proceed(ReflectiveMethodInvocation.java:163)
	at org.springframework.aop.framework.CglibAopProxy$CglibMethodInvocation.proceed(CglibAopProxy.java:765)
	at org.springframework.aop.framework.adapter.AfterReturningAdviceInterceptor.invoke(AfterReturningAdviceInterceptor.java:57)
	at org.springframework.aop.framework.ReflectiveMethodInvocation.proceed(ReflectiveMethodInvocation.java:184)
	at org.springframework.aop.framework.CglibAopProxy$CglibMethodInvocation.proceed(CglibAopProxy.java:765)
	at org.springframework.aop.framework.adapter.MethodBeforeAdviceInterceptor.invoke(MethodBeforeAdviceInterceptor.java:58)
	at org.springframework.aop.framework.ReflectiveMethodInvocation.proceed(ReflectiveMethodInvocation.java:184)
	at org.springframework.aop.framework.CglibAopProxy$CglibMethodInvocation.proceed(CglibAopProxy.java:765)
	at org.springframework.aop.interceptor.ExposeInvocationInterceptor.invoke(ExposeInvocationInterceptor.java:97)
	at org.springframework.aop.framework.ReflectiveMethodInvocation.proceed(ReflectiveMethodInvocation.java:184)
	at org.springframework.aop.framework.CglibAopProxy$CglibMethodInvocation.proceed(CglibAopProxy.java:765)
	at org.springframework.aop.framework.CglibAopProxy$DynamicAdvisedInterceptor.intercept(CglibAopProxy.java:717)
	at com.yanque.modules.users.controller.SysUserController$$SpringCGLIB$$0.create(<generated>)
	at java.base/jdk.internal.reflect.NativeMethodAccessorImpl.invoke0(Native Method)
	at java.base/jdk.internal.reflect.NativeMethodAccessorImpl.invoke(NativeMethodAccessorImpl.java:77)
	at java.base/jdk.internal.reflect.DelegatingMethodAccessorImpl.invoke(DelegatingMethodAccessorImpl.java:43)
	at java.base/java.lang.reflect.Method.invoke(Method.java:568)
	at org.springframework.web.method.support.InvocableHandlerMethod.doInvoke(InvocableHandlerMethod.java:254)
	at org.springframework.web.method.support.InvocableHandlerMethod.invokeForRequest(InvocableHandlerMethod.java:182)
	at org.springframework.web.servlet.mvc.method.annotation.ServletInvocableHandlerMethod.invokeAndHandle(ServletInvocableHandlerMethod.java:118)
	at org.springframework.web.servlet.mvc.method.annotation.RequestMappingHandlerAdapter.invokeHandlerMethod(RequestMappingHandlerAdapter.java:917)
	at org.springframework.web.servlet.mvc.method.annotation.RequestMappingHandlerAdapter.handleInternal(RequestMappingHandlerAdapter.java:829)
	at org.springframework.web.servlet.mvc.method.AbstractHandlerMethodAdapter.handle(AbstractHandlerMethodAdapter.java:87)
	at org.springframework.web.servlet.DispatcherServlet.doDispatch(DispatcherServlet.java:1089)
	at org.springframework.web.servlet.DispatcherServlet.doService(DispatcherServlet.java:979)
	at org.springframework.web.servlet.FrameworkServlet.processRequest(FrameworkServlet.java:1014)
	at org.springframework.web.servlet.FrameworkServlet.doPost(FrameworkServlet.java:914)
	at jakarta.servlet.http.HttpServlet.service(HttpServlet.java:590)
	at org.springframework.web.servlet.FrameworkServlet.service(FrameworkServlet.java:885)
	at jakarta.servlet.http.HttpServlet.service(HttpServlet.java:658)
	at org.apache.catalina.core.ApplicationFilterChain.internalDoFilter(ApplicationFilterChain.java:205)
	at org.apache.catalina.core.ApplicationFilterChain.doFilter(ApplicationFilterChain.java:149)
	at org.apache.tomcat.websocket.server.WsFilter.doFilter(WsFilter.java:51)
	at org.apache.catalina.core.ApplicationFilterChain.internalDoFilter(ApplicationFilterChain.java:174)
	at org.apache.catalina.core.ApplicationFilterChain.doFilter(ApplicationFilterChain.java:149)
	at org.springframework.web.filter.RequestContextFilter.doFilterInternal(RequestContextFilter.java:100)
	at org.springframework.web.filter.OncePerRequestFilter.doFilter(OncePerRequestFilter.java:116)
	at org.apache.catalina.core.ApplicationFilterChain.internalDoFilter(ApplicationFilterChain.java:174)
	at org.apache.catalina.core.ApplicationFilterChain.doFilter(ApplicationFilterChain.java:149)
	at org.springframework.web.filter.FormContentFilter.doFilterInternal(FormContentFilter.java:93)
	at org.springframework.web.filter.OncePerRequestFilter.doFilter(OncePerRequestFilter.java:116)
	at org.apache.catalina.core.ApplicationFilterChain.internalDoFilter(ApplicationFilterChain.java:174)
	at org.apache.catalina.core.ApplicationFilterChain.doFilter(ApplicationFilterChain.java:149)
	at org.springframework.web.filter.CharacterEncodingFilter.doFilterInternal(CharacterEncodingFilter.java:201)
	at org.springframework.web.filter.OncePerRequestFilter.doFilter(OncePerRequestFilter.java:116)
	at org.apache.catalina.core.ApplicationFilterChain.internalDoFilter(ApplicationFilterChain.java:174)
	at org.apache.catalina.core.ApplicationFilterChain.doFilter(ApplicationFilterChain.java:149)
	at org.apache.catalina.core.StandardWrapperValve.invoke(StandardWrapperValve.java:167)
	at org.apache.catalina.core.StandardContextValve.invoke(StandardContextValve.java:90)
	at org.apache.catalina.authenticator.AuthenticatorBase.invoke(AuthenticatorBase.java:482)
	at org.apache.catalina.core.StandardHostValve.invoke(StandardHostValve.java:115)
	at org.apache.catalina.valves.ErrorReportValve.invoke(ErrorReportValve.java:93)
	at org.apache.catalina.core.StandardEngineValve.invoke(StandardEngineValve.java:74)
	at org.apache.catalina.connector.CoyoteAdapter.service(CoyoteAdapter.java:340)
	at org.apache.coyote.http11.Http11Processor.service(Http11Processor.java:391)
	at org.apache.coyote.AbstractProcessorLight.process(AbstractProcessorLight.java:63)
	at org.apache.coyote.AbstractProtocol$ConnectionHandler.process(AbstractProtocol.java:896)
	at org.apache.tomcat.util.net.NioEndpoint$SocketProcessor.doRun(NioEndpoint.java:1744)
	at org.apache.tomcat.util.net.SocketProcessorBase.run(SocketProcessorBase.java:52)
	at org.apache.tomcat.util.threads.ThreadPoolExecutor.runWorker(ThreadPoolExecutor.java:1191)
	at org.apache.tomcat.util.threads.ThreadPoolExecutor$Worker.run(ThreadPoolExecutor.java:659)
	at org.apache.tomcat.util.threads.TaskThread$WrappingRunnable.run(TaskThread.java:61)
	at java.base/java.lang.Thread.run(Thread.java:833)
Caused by: org.apache.ibatis.exceptions.PersistenceException: 
### Error querying database.  Cause: org.springframework.jdbc.CannotGetJdbcConnectionException: Failed to obtain JDBC Connection
### The error may exist in file [D:\Eight-project\YanQue\yq-admin\target\classes\mapper\users\SysUserMapper.xml]
### The error may involve com.yanque.modules.users.mapper.SysUserMapper.selectByUsername
### The error occurred while executing a query
### Cause: org.springframework.jdbc.CannotGetJdbcConnectionException: Failed to obtain JDBC Connection
	at org.apache.ibatis.exceptions.ExceptionFactory.wrapException(ExceptionFactory.java:30)
	at org.apache.ibatis.session.defaults.DefaultSqlSession.selectList(DefaultSqlSession.java:156)
	at org.apache.ibatis.session.defaults.DefaultSqlSession.selectList(DefaultSqlSession.java:147)
	at org.apache.ibatis.session.defaults.DefaultSqlSession.selectList(DefaultSqlSession.java:142)
	at org.apache.ibatis.session.defaults.DefaultSqlSession.selectOne(DefaultSqlSession.java:75)
	at java.base/jdk.internal.reflect.NativeMethodAccessorImpl.invoke0(Native Method)
	at java.base/jdk.internal.reflect.NativeMethodAccessorImpl.invoke(NativeMethodAccessorImpl.java:77)
	at java.base/jdk.internal.reflect.DelegatingMethodAccessorImpl.invoke(DelegatingMethodAccessorImpl.java:43)
	at java.base/java.lang.reflect.Method.invoke(Method.java:568)
	at org.mybatis.spring.SqlSessionTemplate$SqlSessionInterceptor.invoke(SqlSessionTemplate.java:425)
	... 77 common frames omitted
Caused by: org.springframework.jdbc.CannotGetJdbcConnectionException: Failed to obtain JDBC Connection
	at org.springframework.jdbc.datasource.DataSourceUtils.getConnection(DataSourceUtils.java:84)
	at org.mybatis.spring.transaction.SpringManagedTransaction.openConnection(SpringManagedTransaction.java:80)
	at org.mybatis.spring.transaction.SpringManagedTransaction.getConnection(SpringManagedTransaction.java:67)
	at org.apache.ibatis.executor.BaseExecutor.getConnection(BaseExecutor.java:348)
	at org.apache.ibatis.executor.SimpleExecutor.prepareStatement(SimpleExecutor.java:89)
	at org.apache.ibatis.executor.SimpleExecutor.doQuery(SimpleExecutor.java:64)
	at org.apache.ibatis.executor.BaseExecutor.queryFromDatabase(BaseExecutor.java:336)
	at org.apache.ibatis.executor.BaseExecutor.query(BaseExecutor.java:158)
	at org.apache.ibatis.executor.CachingExecutor.query(CachingExecutor.java:110)
	at com.github.pagehelper.PageInterceptor.intercept(PageInterceptor.java:169)
	at org.apache.ibatis.plugin.Plugin.invoke(Plugin.java:59)
	at jdk.proxy2/jdk.proxy2.$Proxy110.query(Unknown Source)
	at org.apache.ibatis.session.defaults.DefaultSqlSession.selectList(DefaultSqlSession.java:154)
	... 85 common frames omitted
Caused by: java.sql.SQLSyntaxErrorException: Unknown database 'yanque-project'
	at com.mysql.cj.jdbc.exceptions.SQLError.createSQLException(SQLError.java:121)
	at com.mysql.cj.jdbc.exceptions.SQLExceptionsMapping.translateException(SQLExceptionsMapping.java:122)
	at com.mysql.cj.jdbc.ConnectionImpl.createNewIO(ConnectionImpl.java:819)
	at com.mysql.cj.jdbc.ConnectionImpl.<init>(ConnectionImpl.java:440)
	at com.mysql.cj.jdbc.ConnectionImpl.getInstance(ConnectionImpl.java:239)
	at com.mysql.cj.jdbc.NonRegisteringDriver.connect(NonRegisteringDriver.java:188)
	at com.zaxxer.hikari.util.DriverDataSource.getConnection(DriverDataSource.java:138)
	at com.zaxxer.hikari.pool.PoolBase.newConnection(PoolBase.java:359)
	at com.zaxxer.hikari.pool.PoolBase.newPoolEntry(PoolBase.java:201)
	at com.zaxxer.hikari.pool.HikariPool.createPoolEntry(HikariPool.java:470)
	at com.zaxxer.hikari.pool.HikariPool.checkFailFast(HikariPool.java:561)
	at com.zaxxer.hikari.pool.HikariPool.<init>(HikariPool.java:100)
	at com.zaxxer.hikari.HikariDataSource.getConnection(HikariDataSource.java:112)
	at org.springframework.jdbc.datasource.DataSourceUtils.fetchConnection(DataSourceUtils.java:160)
	at org.springframework.jdbc.datasource.DataSourceUtils.doGetConnection(DataSourceUtils.java:118)
	at org.springframework.jdbc.datasource.DataSourceUtils.getConnection(DataSourceUtils.java:81)
	... 97 common frames omitted
