2026-07-21 22:30:12.082 [background-preinit] INFO  o.h.validator.internal.util.Version [] - HV000001: Hibernate Validator 8.0.1.Final
2026-07-21 22:30:12.110 [main] INFO  com.yanque.YqAdminApplication [] - Starting YqAdminApplication using Java 17 with PID 20528 (D:\Eight-project\YanQue\yq-admin\target\classes started by admin in D:\Eight-project\YanQue)
2026-07-21 22:30:12.111 [main] INFO  com.yanque.YqAdminApplication [] - The following 1 profile is active: "dev"
2026-07-21 22:30:12.677 [main] INFO  o.s.d.r.c.RepositoryConfigurationDelegate [] - Multiple Spring Data modules found, entering strict repository configuration mode
2026-07-21 22:30:12.679 [main] INFO  o.s.d.r.c.RepositoryConfigurationDelegate [] - Bootstrapping Spring Data Redis repositories in DEFAULT mode.
2026-07-21 22:30:12.711 [main] INFO  o.s.d.r.c.RepositoryConfigurationDelegate [] - Finished Spring Data repository scanning in 17 ms. Found 0 Redis repository interfaces.
2026-07-21 22:30:13.310 [main] INFO  o.s.b.w.embedded.tomcat.TomcatWebServer [] - Tomcat initialized with port 8080 (http)
2026-07-21 22:30:13.317 [main] INFO  o.apache.coyote.http11.Http11NioProtocol [] - Initializing ProtocolHandler ["http-nio-8080"]
2026-07-21 22:30:13.318 [main] INFO  o.apache.catalina.core.StandardService [] - Starting service [Tomcat]
2026-07-21 22:30:13.318 [main] INFO  org.apache.catalina.core.StandardEngine [] - Starting Servlet engine: [Apache Tomcat/10.1.16]
2026-07-21 22:30:13.373 [main] INFO  o.a.c.c.C.[.[localhost].[/yq-admin] [] - Initializing Spring embedded WebApplicationContext
2026-07-21 22:30:13.373 [main] INFO  o.s.b.w.s.c.ServletWebServerApplicationContext [] - Root WebApplicationContext: initialization completed in 1230 ms
2026-07-21 22:30:14.441 [main] INFO  o.apache.coyote.http11.Http11NioProtocol [] - Starting ProtocolHandler ["http-nio-8080"]
2026-07-21 22:30:14.455 [main] INFO  o.s.b.w.embedded.tomcat.TomcatWebServer [] - Tomcat started on port 8080 (http) with context path '/yq-admin'
2026-07-21 22:30:14.463 [main] INFO  com.yanque.YqAdminApplication [] - Started YqAdminApplication in 2.717 seconds (process running for 3.311)
2026-07-21 22:41:27.385 [http-nio-8080-exec-1] INFO  o.a.c.c.C.[.[localhost].[/yq-admin] [] - Initializing Spring DispatcherServlet 'dispatcherServlet'
2026-07-21 22:41:27.385 [http-nio-8080-exec-1] INFO  o.s.web.servlet.DispatcherServlet [] - Initializing Servlet 'dispatcherServlet'
2026-07-21 22:41:27.387 [http-nio-8080-exec-1] INFO  o.s.web.servlet.DispatcherServlet [] - Completed initialization in 2 ms
2026-07-21 22:41:28.468 [http-nio-8080-exec-1] INFO  c.yanque.commons.config.RequestLogAspect [d464586406d740b6b16683fb4b647943] - ===== 请求开始 =====
2026-07-21 22:41:28.469 [http-nio-8080-exec-1] INFO  c.yanque.commons.config.RequestLogAspect [d464586406d740b6b16683fb4b647943] - 请求路径: POST /yq-admin/api/sysUser
2026-07-21 22:41:28.470 [http-nio-8080-exec-1] INFO  c.yanque.commons.config.RequestLogAspect [d464586406d740b6b16683fb4b647943] - 请求方法: com.yanque.modules.users.controller.SysUserController.create
2026-07-21 22:41:28.472 [http-nio-8080-exec-1] INFO  c.yanque.commons.config.RequestLogAspect [d464586406d740b6b16683fb4b647943] - 请求参数: [UserCreateReq(username=xiaomng, password=123456, nickname=ZPr0m8#KjL#^T, realName=DmekB8I1k, phone=18650200140, email=7956333452@qq.com, unionId=n$^jHYbfgDFk6PmRxmUakR7PdE, status=ACTIVE)]
2026-07-21 22:41:28.475 [http-nio-8080-exec-1] INFO  com.zaxxer.hikari.HikariDataSource [d464586406d740b6b16683fb4b647943] - HikariPool-1 - Starting...
2026-07-21 22:41:28.603 [http-nio-8080-exec-1] INFO  com.zaxxer.hikari.pool.HikariPool [d464586406d740b6b16683fb4b647943] - HikariPool-1 - Added connection com.mysql.cj.jdbc.ConnectionImpl@63cd58d7
2026-07-21 22:41:28.604 [http-nio-8080-exec-1] INFO  com.zaxxer.hikari.HikariDataSource [d464586406d740b6b16683fb4b647943] - HikariPool-1 - Start completed.
2026-07-21 22:41:28.669 [http-nio-8080-exec-1] INFO  c.yanque.commons.config.RequestLogAspect [d464586406d740b6b16683fb4b647943] - 响应结果: ApiResponse(code=200, message=操作成功, data=47)
2026-07-21 22:41:28.670 [http-nio-8080-exec-1] INFO  c.yanque.commons.config.RequestLogAspect [d464586406d740b6b16683fb4b647943] - ===== 请求结束 =====
2026-07-21 22:41:34.131 [http-nio-8080-exec-3] INFO  c.yanque.commons.config.RequestLogAspect [f91e9c8bd4af48a78e3e425a89c67d5d] - ===== 请求开始 =====
2026-07-21 22:41:34.131 [http-nio-8080-exec-3] INFO  c.yanque.commons.config.RequestLogAspect [f91e9c8bd4af48a78e3e425a89c67d5d] - 请求路径: POST /yq-admin/api/sysUser
2026-07-21 22:41:34.131 [http-nio-8080-exec-3] INFO  c.yanque.commons.config.RequestLogAspect [f91e9c8bd4af48a78e3e425a89c67d5d] - 请求方法: com.yanque.modules.users.controller.SysUserController.create
2026-07-21 22:41:34.131 [http-nio-8080-exec-3] INFO  c.yanque.commons.config.RequestLogAspect [f91e9c8bd4af48a78e3e425a89c67d5d] - 请求参数: [UserCreateReq(username=xiaomng, password=123456, nickname=ZPr0m8#KjL#^T, realName=DmekB8I1k, phone=18650200140, email=7956333452@qq.com, unionId=n$^jHYbfgDFk6PmRxmUakR7PdE, status=ACTIVE)]
2026-07-21 22:41:34.148 [http-nio-8080-exec-3] ERROR c.y.c.exception.GlobalExceptionHandler [f91e9c8bd4af48a78e3e425a89c67d5d] - 业务异常捕获 , message = 用户名已存在:
com.yanque.commons.exception.BusinessException: 用户名已存在
	at com.yanque.commons.exception.BusinessException.of(BusinessException.java:34)
	at com.yanque.modules.users.service.impl.SysUserServiceImpl.create(SysUserServiceImpl.java:55)
	at java.base/jdk.internal.reflect.NativeMethodAccessorImpl.invoke0(Native Method)
	at java.base/jdk.internal.reflect.NativeMethodAccessorImpl.invoke(NativeMethodAccessorImpl.java:77)
	at java.base/jdk.internal.reflect.DelegatingMethodAccessorImpl.invoke(DelegatingMethodAccessorImpl.java:43)
	at java.base/java.lang.reflect.Method.invoke(Method.java:568)
	at org.springframework.aop.support.AopUtils.invokeJoinpointUsingReflection(AopUtils.java:352)
	at org.springframework.aop.framework.ReflectiveMethodInvocation.invokeJoinpoint(ReflectiveMethodInvocation.java:196)
	at org.springframework.aop.framework.ReflectiveMethodInvocation.proceed(ReflectiveMethodInvocation.java:163)
	at org.springframework.aop.framework.CglibAopProxy$CglibMethodInvocation.proceed(CglibAopProxy.java:765)
	at org.springframework.transaction.interceptor.TransactionInterceptor$1.proceedWithInvocation(TransactionInterceptor.java:123)
	at org.springframework.transaction.interceptor.TransactionAspectSupport.invokeWithinTransaction(TransactionAspectSupport.java:385)
	at org.springframework.transaction.interceptor.TransactionInterceptor.invoke(TransactionInterceptor.java:119)
	at org.springframework.aop.framework.ReflectiveMethodInvocation.proceed(ReflectiveMethodInvocation.java:184)
	at org.springframework.aop.framework.CglibAopProxy$CglibMethodInvocation.proceed(CglibAopProxy.java:765)
	at org.springframework.aop.framework.CglibAopProxy$DynamicAdvisedInterceptor.intercept(CglibAopProxy.java:717)
	at com.yanque.modules.users.service.impl.SysUserServiceImpl$$SpringCGLIB$$0.create(<generated>)
	at com.yanque.modules.users.controller.SysUserController.create(SysUserController.java:54)
	at java.base/jdk.internal.reflect.NativeMethodAccessorImpl.invoke0(Native Method)
	at java.base/jdk.internal.reflect.NativeMethodAccessorImpl.invoke(NativeMethodAccessorImpl.java:77)
	at java.base/jdk.internal.reflect.DelegatingMethodAccessorImpl.invoke(DelegatingMethodAccessorImpl.java:43)
	at java.base/java.lang.reflect.Method.invoke(Method.java:568)
	at org.springframework.aop.support.AopUtils.invokeJoinpointUsingReflection(AopUtils.java:352)
	at org.springframework.aop.framework.ReflectiveMethodInvocation.invokeJoinpoint(ReflectiveMethodInvocation.java:196)
	at org.springframework.aop.framework.ReflectiveMethodInvocation.proceed(ReflectiveMethodInvocation.java:163)
	at org.springframework.aop.framework.CglibAopProxy$CglibMethodInvocation.proceed(CglibAopProxy.java:765)
	at org.springframework.aop.framework.adapter.AfterReturningAdviceInterceptor.invoke(AfterReturningAdviceInterceptor.java:57)
	at org.springframework.aop.framework.ReflectiveMethodInvocation.proceed(ReflectiveMethodInvocation.java:184)
	at org.springframework.aop.framework.CglibAopProxy$CglibMethodInvocation.proceed(CglibAopProxy.java:765)
	at org.springframework.aop.framework.adapter.MethodBeforeAdviceInterceptor.invoke(MethodBeforeAdviceInterceptor.java:58)
	at org.springframework.aop.framework.ReflectiveMethodInvocation.proceed(ReflectiveMethodInvocation.java:184)
	at org.springframework.aop.framework.CglibAopProxy$CglibMethodInvocation.proceed(CglibAopProxy.java:765)
	at org.springframework.aop.interceptor.ExposeInvocationInterceptor.invoke(ExposeInvocationInterceptor.java:97)
	at org.springframework.aop.framework.ReflectiveMethodInvocation.proceed(ReflectiveMethodInvocation.java:184)
	at org.springframework.aop.framework.CglibAopProxy$CglibMethodInvocation.proceed(CglibAopProxy.java:765)
	at org.springframework.aop.framework.CglibAopProxy$DynamicAdvisedInterceptor.intercept(CglibAopProxy.java:717)
	at com.yanque.modules.users.controller.SysUserController$$SpringCGLIB$$0.create(<generated>)
	at java.base/jdk.internal.reflect.NativeMethodAccessorImpl.invoke0(Native Method)
	at java.base/jdk.internal.reflect.NativeMethodAccessorImpl.invoke(NativeMethodAccessorImpl.java:77)
	at java.base/jdk.internal.reflect.DelegatingMethodAccessorImpl.invoke(DelegatingMethodAccessorImpl.java:43)
	at java.base/java.lang.reflect.Method.invoke(Method.java:568)
	at org.springframework.web.method.support.InvocableHandlerMethod.doInvoke(InvocableHandlerMethod.java:254)
	at org.springframework.web.method.support.InvocableHandlerMethod.invokeForRequest(InvocableHandlerMethod.java:182)
	at org.springframework.web.servlet.mvc.method.annotation.ServletInvocableHandlerMethod.invokeAndHandle(ServletInvocableHandlerMethod.java:118)
	at org.springframework.web.servlet.mvc.method.annotation.RequestMappingHandlerAdapter.invokeHandlerMethod(RequestMappingHandlerAdapter.java:917)
	at org.springframework.web.servlet.mvc.method.annotation.RequestMappingHandlerAdapter.handleInternal(RequestMappingHandlerAdapter.java:829)
	at org.springframework.web.servlet.mvc.method.AbstractHandlerMethodAdapter.handle(AbstractHandlerMethodAdapter.java:87)
	at org.springframework.web.servlet.DispatcherServlet.doDispatch(DispatcherServlet.java:1089)
	at org.springframework.web.servlet.DispatcherServlet.doService(DispatcherServlet.java:979)
	at org.springframework.web.servlet.FrameworkServlet.processRequest(FrameworkServlet.java:1014)
	at org.springframework.web.servlet.FrameworkServlet.doPost(FrameworkServlet.java:914)
	at jakarta.servlet.http.HttpServlet.service(HttpServlet.java:590)
	at org.springframework.web.servlet.FrameworkServlet.service(FrameworkServlet.java:885)
	at jakarta.servlet.http.HttpServlet.service(HttpServlet.java:658)
	at org.apache.catalina.core.ApplicationFilterChain.internalDoFilter(ApplicationFilterChain.java:205)
	at org.apache.catalina.core.ApplicationFilterChain.doFilter(ApplicationFilterChain.java:149)
	at org.apache.tomcat.websocket.server.WsFilter.doFilter(WsFilter.java:51)
	at org.apache.catalina.core.ApplicationFilterChain.internalDoFilter(ApplicationFilterChain.java:174)
	at org.apache.catalina.core.ApplicationFilterChain.doFilter(ApplicationFilterChain.java:149)
	at org.springframework.web.filter.RequestContextFilter.doFilterInternal(RequestContextFilter.java:100)
	at org.springframework.web.filter.OncePerRequestFilter.doFilter(OncePerRequestFilter.java:116)
	at org.apache.catalina.core.ApplicationFilterChain.internalDoFilter(ApplicationFilterChain.java:174)
	at org.apache.catalina.core.ApplicationFilterChain.doFilter(ApplicationFilterChain.java:149)
	at org.springframework.web.filter.FormContentFilter.doFilterInternal(FormContentFilter.java:93)
	at org.springframework.web.filter.OncePerRequestFilter.doFilter(OncePerRequestFilter.java:116)
	at org.apache.catalina.core.ApplicationFilterChain.internalDoFilter(ApplicationFilterChain.java:174)
	at org.apache.catalina.core.ApplicationFilterChain.doFilter(ApplicationFilterChain.java:149)
	at org.springframework.web.filter.CharacterEncodingFilter.doFilterInternal(CharacterEncodingFilter.java:201)
	at org.springframework.web.filter.OncePerRequestFilter.doFilter(OncePerRequestFilter.java:116)
	at org.apache.catalina.core.ApplicationFilterChain.internalDoFilter(ApplicationFilterChain.java:174)
	at org.apache.catalina.core.ApplicationFilterChain.doFilter(ApplicationFilterChain.java:149)
	at org.apache.catalina.core.StandardWrapperValve.invoke(StandardWrapperValve.java:167)
	at org.apache.catalina.core.StandardContextValve.invoke(StandardContextValve.java:90)
	at org.apache.catalina.authenticator.AuthenticatorBase.invoke(AuthenticatorBase.java:482)
	at org.apache.catalina.core.StandardHostValve.invoke(StandardHostValve.java:115)
	at org.apache.catalina.valves.ErrorReportValve.invoke(ErrorReportValve.java:93)
	at org.apache.catalina.core.StandardEngineValve.invoke(StandardEngineValve.java:74)
	at org.apache.catalina.connector.CoyoteAdapter.service(CoyoteAdapter.java:340)
	at org.apache.coyote.http11.Http11Processor.service(Http11Processor.java:391)
	at org.apache.coyote.AbstractProcessorLight.process(AbstractProcessorLight.java:63)
	at org.apache.coyote.AbstractProtocol$ConnectionHandler.process(AbstractProtocol.java:896)
	at org.apache.tomcat.util.net.NioEndpoint$SocketProcessor.doRun(NioEndpoint.java:1744)
	at org.apache.tomcat.util.net.SocketProcessorBase.run(SocketProcessorBase.java:52)
	at org.apache.tomcat.util.threads.ThreadPoolExecutor.runWorker(ThreadPoolExecutor.java:1191)
	at org.apache.tomcat.util.threads.ThreadPoolExecutor$Worker.run(ThreadPoolExecutor.java:659)
	at org.apache.tomcat.util.threads.TaskThread$WrappingRunnable.run(TaskThread.java:61)
	at java.base/java.lang.Thread.run(Thread.java:833)
2026-07-21 23:16:19.393 [SpringApplicationShutdownHook] INFO  com.zaxxer.hikari.HikariDataSource [] - HikariPool-1 - Shutdown initiated...
2026-07-21 23:16:19.396 [SpringApplicationShutdownHook] INFO  com.zaxxer.hikari.HikariDataSource [] - HikariPool-1 - Shutdown completed.
